-encoding
UTF-8
-source
1.6
-target
1.6
-classpath
C:\Users\yara\.m2\repository\org\springframework\spring-webmvc\3.2.0.BUILD-SNAPSHOT\spring-webmvc-3.2.0.BUILD-SNAPSHOT.jar;C:\Users\yara\.m2\repository\javax\javaee-web-api\6.0\javaee-web-api-6.0.jar;C:\Users\yara\.m2\repository\com\fasterxml\jackson\core\jackson-databind\2.0.6\jackson-databind-2.0.6.jar;C:\Users\yara\.m2\repository\org\aspectj\aspectjrt\1.6.12\aspectjrt-1.6.12.jar;C:\Users\yara\.m2\repository\junit\junit\4.10\junit-4.10.jar;C:\Users\yara\.m2\repository\org\springframework\spring-core\3.2.0.BUILD-SNAPSHOT\spring-core-3.2.0.BUILD-SNAPSHOT.jar;C:\Users\yara\.m2\repository\commons-logging\commons-logging\1.1.1\commons-logging-1.1.1.jar;C:\Users\yara\.m2\repository\org\springframework\spring-context\3.2.0.BUILD-SNAPSHOT\spring-context-3.2.0.BUILD-SNAPSHOT.jar;C:\Users\yara\.m2\repository\org\springframework\spring-aop\3.2.0.BUILD-SNAPSHOT\spring-aop-3.2.0.BUILD-SNAPSHOT.jar;C:\Users\yara\.m2\repository\org\springframework\spring-beans\3.2.0.BUILD-SNAPSHOT\spring-beans-3.2.0.BUILD-SNAPSHOT.jar;C:\Users\yara\.m2\repository\org\springframework\spring-web\3.2.0.BUILD-SNAPSHOT\spring-web-3.2.0.BUILD-SNAPSHOT.jar;C:\Users\yara\.m2\repository\aopalliance\aopalliance\1.0\aopalliance-1.0.jar;C:\Users\yara\.m2\repository\org\springframework\spring-expression\3.2.0.BUILD-SNAPSHOT\spring-expression-3.2.0.BUILD-SNAPSHOT.jar;C:\Users\yara\.m2\repository\com\fasterxml\jackson\core\jackson-annotations\2.0.6\jackson-annotations-2.0.6.jar;C:\Users\yara\.m2\repository\com\fasterxml\jackson\core\jackson-core\2.0.6\jackson-core-2.0.6.jar;c:\Users\yara\workspace\senac-ccs\think-fast-game\target\classes
-d
c:\Users\yara\workspace\senac-ccs\think-fast-game\target\classes
c:\Users\yara\workspace\senac-ccs\think-fast-game\src\main\java\br\com\senac\ccs\thinkfast\AppConfig.java
c:\Users\yara\workspace\senac-ccs\think-fast-game\src\main\java\br\com\senac\ccs\thinkfast\Participant.java
c:\Users\yara\workspace\senac-ccs\think-fast-game\src\main\java\br\com\senac\ccs\thinkfast\Question.java
c:\Users\yara\workspace\senac-ccs\think-fast-game\src\main\java\br\com\senac\ccs\thinkfast\Result.java
c:\Users\yara\workspace\senac-ccs\think-fast-game\src\main\java\br\com\senac\ccs\thinkfast\Screen.java
c:\Users\yara\workspace\senac-ccs\think-fast-game\src\main\java\br\com\senac\ccs\thinkfast\ThinkFastController.java
c:\Users\yara\workspace\senac-ccs\think-fast-game\src\main\java\br\com\senac\ccs\thinkfast\ThinkFastGame.java
c:\Users\yara\workspace\senac-ccs\think-fast-game\src\main\java\br\com\senac\ccs\thinkfast\ThinkFastGameLogger.aj
c:\Users\yara\workspace\senac-ccs\think-fast-game\src\main\java\br\com\senac\ccs\thinkfast\ThinkFastGameWebInitializer.java
c:\Users\yara\workspace\senac-ccs\think-fast-game\src\main\java\br\com\senac\ccs\thinkfast\WebScreen.java
