-encoding
UTF-8
-source
1.6
-target
1.6
-classpath
C:\Users\yara\.m2\repository\org\springframework\spring-webmvc\3.2.0.BUILD-SNAPSHOT\spring-webmvc-3.2.0.BUILD-SNAPSHOT.jar;C:\Users\yara\.m2\repository\org\springframework\data\spring-data-jpa\1.2.0.BUILD-SNAPSHOT\spring-data-jpa-1.2.0.BUILD-SNAPSHOT.jar;C:\Users\yara\.m2\repository\javax\javaee-web-api\6.0\javaee-web-api-6.0.jar;C:\Users\yara\.m2\repository\com\fasterxml\jackson\core\jackson-databind\2.0.6\jackson-databind-2.0.6.jar;C:\Users\yara\.m2\repository\org\aspectj\aspectjrt\1.6.12\aspectjrt-1.6.12.jar;C:\Users\yara\.m2\repository\org\apache\derby\derby\10.8.2.2\derby-10.8.2.2.jar;C:\Users\yara\.m2\repository\commons-dbcp\commons-dbcp\1.4\commons-dbcp-1.4.jar;C:\Users\yara\.m2\repository\org\hibernate\hibernate-entitymanager\4.1.5.SP1\hibernate-entitymanager-4.1.5.SP1.jar;C:\Users\yara\.m2\repository\cglib\cglib\2.2.2\cglib-2.2.2.jar;C:\Users\yara\.m2\repository\junit\junit\4.10\junit-4.10.jar;C:\Users\yara\.m2\repository\org\springframework\spring-core\3.2.0.BUILD-SNAPSHOT\spring-core-3.2.0.BUILD-SNAPSHOT.jar;C:\Users\yara\.m2\repository\commons-logging\commons-logging\1.1.1\commons-logging-1.1.1.jar;C:\Users\yara\.m2\repository\org\springframework\spring-web\3.2.0.BUILD-SNAPSHOT\spring-web-3.2.0.BUILD-SNAPSHOT.jar;C:\Users\yara\.m2\repository\aopalliance\aopalliance\1.0\aopalliance-1.0.jar;C:\Users\yara\.m2\repository\org\springframework\spring-expression\3.2.0.BUILD-SNAPSHOT\spring-expression-3.2.0.BUILD-SNAPSHOT.jar;C:\Users\yara\.m2\repository\org\springframework\spring-context\3.2.0.BUILD-SNAPSHOT\spring-context-3.2.0.BUILD-SNAPSHOT.jar;C:\Users\yara\.m2\repository\org\springframework\spring-beans\3.2.0.BUILD-SNAPSHOT\spring-beans-3.2.0.BUILD-SNAPSHOT.jar;C:\Users\yara\.m2\repository\org\springframework\data\spring-data-commons-core\1.4.0.RELEASE\spring-data-commons-core-1.4.0.RELEASE.jar;C:\Users\yara\.m2\repository\org\springframework\spring-orm\3.1.2.RELEASE\spring-orm-3.1.2.RELEASE.jar;C:\Users\yara\.m2\repository\org\springframework\spring-jdbc\3.1.2.RELEASE\spring-jdbc-3.1.2.RELEASE.jar;C:\Users\yara\.m2\repository\org\springframework\spring-aop\3.1.2.RELEASE\spring-aop-3.1.2.RELEASE.jar;C:\Users\yara\.m2\repository\org\springframework\spring-asm\3.1.2.RELEASE\spring-asm-3.1.2.RELEASE.jar;C:\Users\yara\.m2\repository\org\springframework\spring-tx\3.1.2.RELEASE\spring-tx-3.1.2.RELEASE.jar;C:\Users\yara\.m2\repository\org\slf4j\slf4j-api\1.6.1\slf4j-api-1.6.1.jar;C:\Users\yara\.m2\repository\com\fasterxml\jackson\core\jackson-annotations\2.0.6\jackson-annotations-2.0.6.jar;C:\Users\yara\.m2\repository\com\fasterxml\jackson\core\jackson-core\2.0.6\jackson-core-2.0.6.jar;C:\Users\yara\.m2\repository\commons-pool\commons-pool\1.5.4\commons-pool-1.5.4.jar;C:\Users\yara\.m2\repository\org\jboss\logging\jboss-logging\3.1.0.GA\jboss-logging-3.1.0.GA.jar;C:\Users\yara\.m2\repository\org\jboss\spec\javax\transaction\jboss-transaction-api_1.1_spec\1.0.0.Final\jboss-transaction-api_1.1_spec-1.0.0.Final.jar;C:\Users\yara\.m2\repository\org\hibernate\hibernate-core\4.1.5.SP1\hibernate-core-4.1.5.SP1.jar;C:\Users\yara\.m2\repository\antlr\antlr\2.7.7\antlr-2.7.7.jar;C:\Users\yara\.m2\repository\dom4j\dom4j\1.6.1\dom4j-1.6.1.jar;C:\Users\yara\.m2\repository\org\hibernate\javax\persistence\hibernate-jpa-2.0-api\1.0.1.Final\hibernate-jpa-2.0-api-1.0.1.Final.jar;C:\Users\yara\.m2\repository\org\javassist\javassist\3.15.0-GA\javassist-3.15.0-GA.jar;C:\Users\yara\.m2\repository\org\hibernate\common\hibernate-commons-annotations\4.0.1.Final\hibernate-commons-annotations-4.0.1.Final.jar;C:\Users\yara\.m2\repository\asm\asm\3.3.1\asm-3.3.1.jar;c:\Users\yara\workspace\senac-ccs\think-fast-game\target\classes
-d
c:\Users\yara\workspace\senac-ccs\think-fast-game\target\classes
c:\Users\yara\workspace\senac-ccs\think-fast-game\src\main\java\br\com\senac\ccs\thinkfast\Answer.java
c:\Users\yara\workspace\senac-ccs\think-fast-game\src\main\java\br\com\senac\ccs\thinkfast\AppConfig.java
c:\Users\yara\workspace\senac-ccs\think-fast-game\src\main\java\br\com\senac\ccs\thinkfast\Participant.java
c:\Users\yara\workspace\senac-ccs\think-fast-game\src\main\java\br\com\senac\ccs\thinkfast\Question.java
c:\Users\yara\workspace\senac-ccs\think-fast-game\src\main\java\br\com\senac\ccs\thinkfast\QuestionRepository.java
c:\Users\yara\workspace\senac-ccs\think-fast-game\src\main\java\br\com\senac\ccs\thinkfast\Result.java
c:\Users\yara\workspace\senac-ccs\think-fast-game\src\main\java\br\com\senac\ccs\thinkfast\Screen.java
c:\Users\yara\workspace\senac-ccs\think-fast-game\src\main\java\br\com\senac\ccs\thinkfast\ThinkFastController.java
c:\Users\yara\workspace\senac-ccs\think-fast-game\src\main\java\br\com\senac\ccs\thinkfast\ThinkFastGame.java
c:\Users\yara\workspace\senac-ccs\think-fast-game\src\main\java\br\com\senac\ccs\thinkfast\ThinkFastGameLogger.aj
c:\Users\yara\workspace\senac-ccs\think-fast-game\src\main\java\br\com\senac\ccs\thinkfast\ThinkFastGameWebInitializer.java
c:\Users\yara\workspace\senac-ccs\think-fast-game\src\main\java\br\com\senac\ccs\thinkfast\WebScreen.java
